<?xml version="1.0" encoding="UTF-8"?>
<testsuites name="Acceptance Test Suite" time="16" tests="3" failures="0" errors="0">
   <testsuite name="Acceptance Test Suite" tests="3" failures="0" errors="0" time="16" timestamp="2019-02-12 23:31:59" hostname="hariprasad - hariprasads-air.broadband" id="Test Suites/Acceptance Test Suite">
      <properties>
         <property name="deviceName" value=""/>
         <property name="devicePlatform" value=""/>
         <property name="logFolder" value="/Users/hariprasad/Documents/DivyaQA/vwfsinsuranceportal_autopack/Reports/Acceptance Test Suite/20190212_233156"/>
         <property name="logFiles" value="/Users/hariprasad/Documents/DivyaQA/vwfsinsuranceportal_autopack/Reports/Acceptance Test Suite/20190212_233156/execution0.log"/>
         <property name="attachments" value=""/>
         <property name="hostName" value="hariprasad - hariprasads-air.broadband"/>
         <property name="os" value="Mac OS X 64bit"/>
         <property name="katalonVersion" value="5.10.0.1"/>
         <property name="browser" value="Chrome 72.0.3626.96"/>
         <property name="hostAddress" value="192.168.1.8"/>
         <property name="sessionId" value="07b79c3a4d869a22b3d27d56eaeb14ca"/>
         <property name="seleniumVersion" value="3.7.1"/>
         <property name="proxyInformation" value="ProxyInformation{proxyOption=NO_PROXY, proxyServerType=HTTP, password=, proxyServerAddress=, proxyServerPort=0}"/>
         <property name="platform" value="Mac OS X"/>
      </properties>
      <testcase name="Test Cases/Validate invalid vehicle" classname="Test Cases/Validate invalid vehicle" status="PASSED">
         <system-out><![CDATA[2019-02-12 23:32:00 - [TEST_CASE][PASSED] - Test Cases/Validate invalid vehicle: Test Cases/Validate invalid vehicle

2019-02-12 23:32:00 - [TEST_STEP][PASSED] - openBrowser(""): Browser is opened with url: ''

2019-02-12 23:32:01 - [MESSAGE][INFO] - Starting 'Chrome' driver

2019-02-12 23:32:01 - [MESSAGE][INFO] - Action delay is set to 0 seconds

2019-02-12 23:32:04 - [MESSAGE][PASSED] - Browser is opened with url: ''

2019-02-12 23:32:04 - [TEST_STEP][PASSED] - navigateToUrl("https://covercheck.vwfsinsuranceportal.co.uk/"): Navigate to 'https://covercheck.vwfsinsuranceportal.co.uk/' successfully

2019-02-12 23:32:06 - [MESSAGE][PASSED] - Navigate to 'https://covercheck.vwfsinsuranceportal.co.uk/' successfully

2019-02-12 23:32:06 - [TEST_STEP][PASSED] - maximizeWindow(): Current window maximized

2019-02-12 23:32:06 - [MESSAGE][PASSED] - Current window maximized

2019-02-12 23:32:06 - [TEST_STEP][PASSED] - setText(findTestObject("Home_Page/input_Please enter the vehicle"), "trug67"): Text 'trug67' is set on object 'Object Repository/Home_Page/input_Please enter the vehicle'

2019-02-12 23:32:06 - [MESSAGE][PASSED] - Text 'trug67' is set on object 'Object Repository/Home_Page/input_Please enter the vehicle'

2019-02-12 23:32:06 - [TEST_STEP][PASSED] - click(findTestObject("Home_Page/button_Find vehicle")): Object: 'Object Repository/Home_Page/button_Find vehicle' is clicked on

2019-02-12 23:32:06 - [MESSAGE][PASSED] - Object: 'Object Repository/Home_Page/button_Find vehicle' is clicked on

2019-02-12 23:32:06 - [TEST_STEP][PASSED] - verifyElementPresent(findTestObject("Object Repository/Home_Page/div_Sorry record not found"), 0): Object 'Object Repository/Home_Page/div_Sorry record not found' is present

2019-02-12 23:32:07 - [MESSAGE][WARNING] - Timeout '0' is invalid. Using default page load timeout: '30'

2019-02-12 23:32:07 - [MESSAGE][PASSED] - Object 'Object Repository/Home_Page/div_Sorry record not found' is present

2019-02-12 23:32:07 - [TEST_STEP][PASSED] - closeBrowser(): Browser is closed

2019-02-12 23:32:07 - [MESSAGE][PASSED] - Browser is closed]]></system-out>
         <system-err><![CDATA[]]></system-err>
      </testcase>
      <testcase name="Test Cases/Verify valid vehicle exists" classname="Test Cases/Verify valid vehicle exists" status="PASSED">
         <system-out><![CDATA[2019-02-12 23:32:07 - [TEST_CASE][PASSED] - Test Cases/Verify valid vehicle exists: Test Cases/Verify valid vehicle exists

2019-02-12 23:32:08 - [TEST_STEP][PASSED] - openBrowser(""): Browser is opened with url: ''

2019-02-12 23:32:08 - [MESSAGE][INFO] - Starting 'Chrome' driver

2019-02-12 23:32:09 - [MESSAGE][PASSED] - Browser is opened with url: ''

2019-02-12 23:32:09 - [TEST_STEP][PASSED] - navigateToUrl("https://covercheck.vwfsinsuranceportal.co.uk/"): Navigate to 'https://covercheck.vwfsinsuranceportal.co.uk/' successfully

2019-02-12 23:32:10 - [MESSAGE][PASSED] - Navigate to 'https://covercheck.vwfsinsuranceportal.co.uk/' successfully

2019-02-12 23:32:10 - [TEST_STEP][PASSED] - maximizeWindow(): Current window maximized

2019-02-12 23:32:10 - [MESSAGE][PASSED] - Current window maximized

2019-02-12 23:32:10 - [TEST_STEP][PASSED] - setText(findTestObject("Object Repository/Home_Page/input_Please enter the vehicle"), "OV12UYY"): Text 'OV12UYY' is set on object 'Object Repository/Home_Page/input_Please enter the vehicle'

2019-02-12 23:32:10 - [MESSAGE][PASSED] - Text 'OV12UYY' is set on object 'Object Repository/Home_Page/input_Please enter the vehicle'

2019-02-12 23:32:10 - [TEST_STEP][PASSED] - click(findTestObject("Home_Page/button_Find vehicle")): Object: 'Object Repository/Home_Page/button_Find vehicle' is clicked on

2019-02-12 23:32:10 - [MESSAGE][PASSED] - Object: 'Object Repository/Home_Page/button_Find vehicle' is clicked on

2019-02-12 23:32:10 - [TEST_STEP][PASSED] - verifyElementPresent(findTestObject("Object Repository/Home_Page/span_09 FEB 2022  16  26"), 0): Object 'Object Repository/Home_Page/span_09 FEB 2022  16  26' is present

2019-02-12 23:32:10 - [MESSAGE][WARNING] - Timeout '0' is invalid. Using default page load timeout: '30'

2019-02-12 23:32:11 - [MESSAGE][PASSED] - Object 'Object Repository/Home_Page/span_09 FEB 2022  16  26' is present

2019-02-12 23:32:11 - [TEST_STEP][PASSED] - verifyElementPresent(findTestObject("Object Repository/Home_Page/span_18 FEB 2022  23  59"), 0): Object 'Object Repository/Home_Page/span_18 FEB 2022  23  59' is present

2019-02-12 23:32:11 - [MESSAGE][WARNING] - Timeout '0' is invalid. Using default page load timeout: '30'

2019-02-12 23:32:11 - [MESSAGE][PASSED] - Object 'Object Repository/Home_Page/span_18 FEB 2022  23  59' is present

2019-02-12 23:32:11 - [TEST_STEP][PASSED] - closeBrowser(): Browser is closed

2019-02-12 23:32:11 - [MESSAGE][PASSED] - Browser is closed]]></system-out>
         <system-err><![CDATA[]]></system-err>
      </testcase>
      <testcase name="Test Cases/Verify accessing the portal" classname="Test Cases/Verify accessing the portal" status="PASSED">
         <system-out><![CDATA[2019-02-12 23:32:11 - [TEST_CASE][PASSED] - Test Cases/Verify accessing the portal: Test Cases/Verify accessing the portal

2019-02-12 23:32:11 - [TEST_STEP][PASSED] - openBrowser(""): Browser is opened with url: ''

2019-02-12 23:32:11 - [MESSAGE][INFO] - Starting 'Chrome' driver

2019-02-12 23:32:13 - [MESSAGE][PASSED] - Browser is opened with url: ''

2019-02-12 23:32:13 - [TEST_STEP][PASSED] - navigateToUrl("https://covercheck.vwfsinsuranceportal.co.uk/"): Navigate to 'https://covercheck.vwfsinsuranceportal.co.uk/' successfully

2019-02-12 23:32:14 - [MESSAGE][PASSED] - Navigate to 'https://covercheck.vwfsinsuranceportal.co.uk/' successfully

2019-02-12 23:32:14 - [TEST_STEP][PASSED] - delay(2): Delayed 2 second(s)

2019-02-12 23:32:16 - [MESSAGE][PASSED] - Delayed 2 second(s)

2019-02-12 23:32:16 - [TEST_STEP][PASSED] - verifyElementPresent(findTestObject("Home_Page/button_Find vehicle"), 0): Object 'Object Repository/Home_Page/button_Find vehicle' is present

2019-02-12 23:32:16 - [MESSAGE][WARNING] - Timeout '0' is invalid. Using default page load timeout: '30'

2019-02-12 23:32:16 - [MESSAGE][PASSED] - Object 'Object Repository/Home_Page/button_Find vehicle' is present

2019-02-12 23:32:16 - [TEST_STEP][PASSED] - closeBrowser(): Browser is closed

2019-02-12 23:32:16 - [MESSAGE][PASSED] - Browser is closed]]></system-out>
         <system-err><![CDATA[]]></system-err>
      </testcase>
      <system-out><![CDATA[2019-02-12 23:31:59 - [TEST_SUITE][PASSED] - Acceptance Test Suite: Test Cases/Verify accessing the portal]]></system-out>
      <system-err><![CDATA[]]></system-err>
   </testsuite>
</testsuites>
